  main.c
c:\users\aaron\documents\visual studio 2015\projects\advproproject\advproproject\main.c(242): warning C4047: 'function': 'FILE **' differs in levels of indirection from 'void (__cdecl *)(FILE **,passengerNode **)'
c:\users\aaron\documents\visual studio 2015\projects\advproproject\advproproject\main.c(242): warning C4024: 'printPassengerFile': different types for formal and actual parameter 2
c:\users\aaron\documents\visual studio 2015\projects\advproproject\advproproject\main.c(300): warning C4047: 'function': 'FILE **' differs in levels of indirection from 'void (__cdecl *)(FILE **,passengerNode **)'
c:\users\aaron\documents\visual studio 2015\projects\advproproject\advproproject\main.c(300): warning C4024: 'printPassengerFile': different types for formal and actual parameter 2
c:\users\aaron\documents\visual studio 2015\projects\advproproject\advproproject\main.c(77): warning C4996: 'scanf': This function or variable may be unsafe. Consider using scanf_s instead. To disable deprecation, use _CRT_SECURE_NO_WARNINGS. See online help for details.
  c:\program files (x86)\windows kits\10\include\10.0.14393.0\ucrt\stdio.h(1269): note: see declaration of 'scanf'
c:\users\aaron\documents\visual studio 2015\projects\advproproject\advproproject\main.c(110): warning C4996: 'scanf': This function or variable may be unsafe. Consider using scanf_s instead. To disable deprecation, use _CRT_SECURE_NO_WARNINGS. See online help for details.
  c:\program files (x86)\windows kits\10\include\10.0.14393.0\ucrt\stdio.h(1269): note: see declaration of 'scanf'
c:\users\aaron\documents\visual studio 2015\projects\advproproject\advproproject\main.c(119): warning C4996: 'scanf': This function or variable may be unsafe. Consider using scanf_s instead. To disable deprecation, use _CRT_SECURE_NO_WARNINGS. See online help for details.
  c:\program files (x86)\windows kits\10\include\10.0.14393.0\ucrt\stdio.h(1269): note: see declaration of 'scanf'
c:\users\aaron\documents\visual studio 2015\projects\advproproject\advproproject\main.c(188): warning C4996: 'scanf': This function or variable may be unsafe. Consider using scanf_s instead. To disable deprecation, use _CRT_SECURE_NO_WARNINGS. See online help for details.
  c:\program files (x86)\windows kits\10\include\10.0.14393.0\ucrt\stdio.h(1269): note: see declaration of 'scanf'
c:\users\aaron\documents\visual studio 2015\projects\advproproject\advproproject\main.c(279): warning C4996: 'scanf': This function or variable may be unsafe. Consider using scanf_s instead. To disable deprecation, use _CRT_SECURE_NO_WARNINGS. See online help for details.
  c:\program files (x86)\windows kits\10\include\10.0.14393.0\ucrt\stdio.h(1269): note: see declaration of 'scanf'
c:\users\aaron\documents\visual studio 2015\projects\advproproject\advproproject\main.c(313): warning C4047: '=': 'FILE **' differs in levels of indirection from 'FILE *'
c:\users\aaron\documents\visual studio 2015\projects\advproproject\advproproject\main.c(332): warning C4047: 'function': 'FILE *' differs in levels of indirection from 'FILE **'
c:\users\aaron\documents\visual studio 2015\projects\advproproject\advproproject\main.c(332): warning C4024: 'feof': different types for formal and actual parameter 1
c:\users\aaron\documents\visual studio 2015\projects\advproproject\advproproject\main.c(335): warning C4047: 'function': 'FILE *const ' differs in levels of indirection from 'FILE **'
c:\users\aaron\documents\visual studio 2015\projects\advproproject\advproproject\main.c(335): warning C4024: 'fscanf': different types for formal and actual parameter 1
c:\users\aaron\documents\visual studio 2015\projects\advproproject\advproproject\main.c(336): warning C4047: 'function': 'FILE *const ' differs in levels of indirection from 'FILE **'
c:\users\aaron\documents\visual studio 2015\projects\advproproject\advproproject\main.c(336): warning C4024: 'fscanf': different types for formal and actual parameter 1
c:\users\aaron\documents\visual studio 2015\projects\advproproject\advproproject\main.c(337): warning C4047: 'function': 'FILE *const ' differs in levels of indirection from 'FILE **'
c:\users\aaron\documents\visual studio 2015\projects\advproproject\advproproject\main.c(337): warning C4024: 'fscanf': different types for formal and actual parameter 1
c:\users\aaron\documents\visual studio 2015\projects\advproproject\advproproject\main.c(338): warning C4047: 'function': 'FILE *const ' differs in levels of indirection from 'FILE **'
c:\users\aaron\documents\visual studio 2015\projects\advproproject\advproproject\main.c(338): warning C4024: 'fscanf': different types for formal and actual parameter 1
c:\users\aaron\documents\visual studio 2015\projects\advproproject\advproproject\main.c(339): warning C4047: 'function': 'FILE *const ' differs in levels of indirection from 'FILE **'
c:\users\aaron\documents\visual studio 2015\projects\advproproject\advproproject\main.c(339): warning C4024: 'fscanf': different types for formal and actual parameter 1
c:\users\aaron\documents\visual studio 2015\projects\advproproject\advproproject\main.c(340): warning C4047: 'function': 'FILE *const ' differs in levels of indirection from 'FILE **'
c:\users\aaron\documents\visual studio 2015\projects\advproproject\advproproject\main.c(340): warning C4024: 'fscanf': different types for formal and actual parameter 1
c:\users\aaron\documents\visual studio 2015\projects\advproproject\advproproject\main.c(366): warning C4047: 'function': 'FILE *const ' differs in levels of indirection from 'FILE **'
c:\users\aaron\documents\visual studio 2015\projects\advproproject\advproproject\main.c(366): warning C4024: 'fscanf': different types for formal and actual parameter 1
c:\users\aaron\documents\visual studio 2015\projects\advproproject\advproproject\main.c(388): warning C4047: 'function': 'FILE *const ' differs in levels of indirection from 'FILE **'
c:\users\aaron\documents\visual studio 2015\projects\advproproject\advproproject\main.c(388): warning C4024: 'fscanf': different types for formal and actual parameter 1
c:\users\aaron\documents\visual studio 2015\projects\advproproject\advproproject\main.c(406): warning C4047: 'function': 'FILE *const ' differs in levels of indirection from 'FILE **'
c:\users\aaron\documents\visual studio 2015\projects\advproproject\advproproject\main.c(406): warning C4024: 'fscanf': different types for formal and actual parameter 1
c:\users\aaron\documents\visual studio 2015\projects\advproproject\advproproject\main.c(462): warning C4047: 'function': 'FILE *' differs in levels of indirection from 'FILE **'
c:\users\aaron\documents\visual studio 2015\projects\advproproject\advproproject\main.c(462): warning C4024: 'feof': different types for formal and actual parameter 1
c:\users\aaron\documents\visual studio 2015\projects\advproproject\advproproject\main.c(478): warning C4047: 'function': 'FILE *' differs in levels of indirection from 'FILE **'
c:\users\aaron\documents\visual studio 2015\projects\advproproject\advproproject\main.c(478): warning C4024: 'fclose': different types for formal and actual parameter 1
c:\users\aaron\documents\visual studio 2015\projects\advproproject\advproproject\main.c(313): warning C4996: 'fopen': This function or variable may be unsafe. Consider using fopen_s instead. To disable deprecation, use _CRT_SECURE_NO_WARNINGS. See online help for details.
  c:\program files (x86)\windows kits\10\include\10.0.14393.0\ucrt\stdio.h(207): note: see declaration of 'fopen'
c:\users\aaron\documents\visual studio 2015\projects\advproproject\advproproject\main.c(335): warning C4996: 'fscanf': This function or variable may be unsafe. Consider using fscanf_s instead. To disable deprecation, use _CRT_SECURE_NO_WARNINGS. See online help for details.
  c:\program files (x86)\windows kits\10\include\10.0.14393.0\ucrt\stdio.h(1192): note: see declaration of 'fscanf'
c:\users\aaron\documents\visual studio 2015\projects\advproproject\advproproject\main.c(336): warning C4996: 'fscanf': This function or variable may be unsafe. Consider using fscanf_s instead. To disable deprecation, use _CRT_SECURE_NO_WARNINGS. See online help for details.
  c:\program files (x86)\windows kits\10\include\10.0.14393.0\ucrt\stdio.h(1192): note: see declaration of 'fscanf'
c:\users\aaron\documents\visual studio 2015\projects\advproproject\advproproject\main.c(337): warning C4996: 'fscanf': This function or variable may be unsafe. Consider using fscanf_s instead. To disable deprecation, use _CRT_SECURE_NO_WARNINGS. See online help for details.
  c:\program files (x86)\windows kits\10\include\10.0.14393.0\ucrt\stdio.h(1192): note: see declaration of 'fscanf'
c:\users\aaron\documents\visual studio 2015\projects\advproproject\advproproject\main.c(338): warning C4996: 'fscanf': This function or variable may be unsafe. Consider using fscanf_s instead. To disable deprecation, use _CRT_SECURE_NO_WARNINGS. See online help for details.
  c:\program files (x86)\windows kits\10\include\10.0.14393.0\ucrt\stdio.h(1192): note: see declaration of 'fscanf'
c:\users\aaron\documents\visual studio 2015\projects\advproproject\advproproject\main.c(339): warning C4996: 'fscanf': This function or variable may be unsafe. Consider using fscanf_s instead. To disable deprecation, use _CRT_SECURE_NO_WARNINGS. See online help for details.
  c:\program files (x86)\windows kits\10\include\10.0.14393.0\ucrt\stdio.h(1192): note: see declaration of 'fscanf'
c:\users\aaron\documents\visual studio 2015\projects\advproproject\advproproject\main.c(340): warning C4996: 'fscanf': This function or variable may be unsafe. Consider using fscanf_s instead. To disable deprecation, use _CRT_SECURE_NO_WARNINGS. See online help for details.
  c:\program files (x86)\windows kits\10\include\10.0.14393.0\ucrt\stdio.h(1192): note: see declaration of 'fscanf'
c:\users\aaron\documents\visual studio 2015\projects\advproproject\advproproject\main.c(345): warning C4996: 'strcpy': This function or variable may be unsafe. Consider using strcpy_s instead. To disable deprecation, use _CRT_SECURE_NO_WARNINGS. See online help for details.
  c:\program files (x86)\windows kits\10\include\10.0.14393.0\ucrt\string.h(129): note: see declaration of 'strcpy'
c:\users\aaron\documents\visual studio 2015\projects\advproproject\advproproject\main.c(349): warning C4996: 'strcpy': This function or variable may be unsafe. Consider using strcpy_s instead. To disable deprecation, use _CRT_SECURE_NO_WARNINGS. See online help for details.
  c:\program files (x86)\windows kits\10\include\10.0.14393.0\ucrt\string.h(129): note: see declaration of 'strcpy'
c:\users\aaron\documents\visual studio 2015\projects\advproproject\advproproject\main.c(353): warning C4996: 'strcpy': This function or variable may be unsafe. Consider using strcpy_s instead. To disable deprecation, use _CRT_SECURE_NO_WARNINGS. See online help for details.
  c:\program files (x86)\windows kits\10\include\10.0.14393.0\ucrt\string.h(129): note: see declaration of 'strcpy'
c:\users\aaron\documents\visual studio 2015\projects\advproproject\advproproject\main.c(357): warning C4996: 'strcpy': This function or variable may be unsafe. Consider using strcpy_s instead. To disable deprecation, use _CRT_SECURE_NO_WARNINGS. See online help for details.
  c:\program files (x86)\windows kits\10\include\10.0.14393.0\ucrt\string.h(129): note: see declaration of 'strcpy'
c:\users\aaron\documents\visual studio 2015\projects\advproproject\advproproject\main.c(361): warning C4996: 'strcpy': This function or variable may be unsafe. Consider using strcpy_s instead. To disable deprecation, use _CRT_SECURE_NO_WARNINGS. See online help for details.
  c:\program files (x86)\windows kits\10\include\10.0.14393.0\ucrt\string.h(129): note: see declaration of 'strcpy'
c:\users\aaron\documents\visual studio 2015\projects\advproproject\advproproject\main.c(366): warning C4996: 'fscanf': This function or variable may be unsafe. Consider using fscanf_s instead. To disable deprecation, use _CRT_SECURE_NO_WARNINGS. See online help for details.
  c:\program files (x86)\windows kits\10\include\10.0.14393.0\ucrt\stdio.h(1192): note: see declaration of 'fscanf'
c:\users\aaron\documents\visual studio 2015\projects\advproproject\advproproject\main.c(371): warning C4996: 'strcpy': This function or variable may be unsafe. Consider using strcpy_s instead. To disable deprecation, use _CRT_SECURE_NO_WARNINGS. See online help for details.
  c:\program files (x86)\windows kits\10\include\10.0.14393.0\ucrt\string.h(129): note: see declaration of 'strcpy'
c:\users\aaron\documents\visual studio 2015\projects\advproproject\advproproject\main.c(375): warning C4996: 'strcpy': This function or variable may be unsafe. Consider using strcpy_s instead. To disable deprecation, use _CRT_SECURE_NO_WARNINGS. See online help for details.
  c:\program files (x86)\windows kits\10\include\10.0.14393.0\ucrt\string.h(129): note: see declaration of 'strcpy'
c:\users\aaron\documents\visual studio 2015\projects\advproproject\advproproject\main.c(379): warning C4996: 'strcpy': This function or variable may be unsafe. Consider using strcpy_s instead. To disable deprecation, use _CRT_SECURE_NO_WARNINGS. See online help for details.
  c:\program files (x86)\windows kits\10\include\10.0.14393.0\ucrt\string.h(129): note: see declaration of 'strcpy'
c:\users\aaron\documents\visual studio 2015\projects\advproproject\advproproject\main.c(383): warning C4996: 'strcpy': This function or variable may be unsafe. Consider using strcpy_s instead. To disable deprecation, use _CRT_SECURE_NO_WARNINGS. See online help for details.
  c:\program files (x86)\windows kits\10\include\10.0.14393.0\ucrt\string.h(129): note: see declaration of 'strcpy'
c:\users\aaron\documents\visual studio 2015\projects\advproproject\advproproject\main.c(388): warning C4996: 'fscanf': This function or variable may be unsafe. Consider using fscanf_s instead. To disable deprecation, use _CRT_SECURE_NO_WARNINGS. See online help for details.
  c:\program files (x86)\windows kits\10\include\10.0.14393.0\ucrt\stdio.h(1192): note: see declaration of 'fscanf'
c:\users\aaron\documents\visual studio 2015\projects\advproproject\advproproject\main.c(393): warning C4996: 'strcpy': This function or variable may be unsafe. Consider using strcpy_s instead. To disable deprecation, use _CRT_SECURE_NO_WARNINGS. See online help for details.
  c:\program files (x86)\windows kits\10\include\10.0.14393.0\ucrt\string.h(129): note: see declaration of 'strcpy'
c:\users\aaron\documents\visual studio 2015\projects\advproproject\advproproject\main.c(397): warning C4996: 'strcpy': This function or variable may be unsafe. Consider using strcpy_s instead. To disable deprecation, use _CRT_SECURE_NO_WARNINGS. See online help for details.
  c:\program files (x86)\windows kits\10\include\10.0.14393.0\ucrt\string.h(129): note: see declaration of 'strcpy'
c:\users\aaron\documents\visual studio 2015\projects\advproproject\advproproject\main.c(401): warning C4996: 'strcpy': This function or variable may be unsafe. Consider using strcpy_s instead. To disable deprecation, use _CRT_SECURE_NO_WARNINGS. See online help for details.
  c:\program files (x86)\windows kits\10\include\10.0.14393.0\ucrt\string.h(129): note: see declaration of 'strcpy'
c:\users\aaron\documents\visual studio 2015\projects\advproproject\advproproject\main.c(406): warning C4996: 'fscanf': This function or variable may be unsafe. Consider using fscanf_s instead. To disable deprecation, use _CRT_SECURE_NO_WARNINGS. See online help for details.
  c:\program files (x86)\windows kits\10\include\10.0.14393.0\ucrt\stdio.h(1192): note: see declaration of 'fscanf'
c:\users\aaron\documents\visual studio 2015\projects\advproproject\advproproject\main.c(411): warning C4996: 'strcpy': This function or variable may be unsafe. Consider using strcpy_s instead. To disable deprecation, use _CRT_SECURE_NO_WARNINGS. See online help for details.
  c:\program files (x86)\windows kits\10\include\10.0.14393.0\ucrt\string.h(129): note: see declaration of 'strcpy'
c:\users\aaron\documents\visual studio 2015\projects\advproproject\advproproject\main.c(415): warning C4996: 'strcpy': This function or variable may be unsafe. Consider using strcpy_s instead. To disable deprecation, use _CRT_SECURE_NO_WARNINGS. See online help for details.
  c:\program files (x86)\windows kits\10\include\10.0.14393.0\ucrt\string.h(129): note: see declaration of 'strcpy'
c:\users\aaron\documents\visual studio 2015\projects\advproproject\advproproject\main.c(419): warning C4996: 'strcpy': This function or variable may be unsafe. Consider using strcpy_s instead. To disable deprecation, use _CRT_SECURE_NO_WARNINGS. See online help for details.
  c:\program files (x86)\windows kits\10\include\10.0.14393.0\ucrt\string.h(129): note: see declaration of 'strcpy'
c:\users\aaron\documents\visual studio 2015\projects\advproproject\advproproject\main.c(423): warning C4996: 'strcpy': This function or variable may be unsafe. Consider using strcpy_s instead. To disable deprecation, use _CRT_SECURE_NO_WARNINGS. See online help for details.
  c:\program files (x86)\windows kits\10\include\10.0.14393.0\ucrt\string.h(129): note: see declaration of 'strcpy'
c:\users\aaron\documents\visual studio 2015\projects\advproproject\advproproject\main.c(487): warning C4047: '=': 'FILE **' differs in levels of indirection from 'FILE *'
c:\users\aaron\documents\visual studio 2015\projects\advproproject\advproproject\main.c(544): warning C4047: 'function': 'FILE *' differs in levels of indirection from 'FILE **'
c:\users\aaron\documents\visual studio 2015\projects\advproproject\advproproject\main.c(544): warning C4024: 'feof': different types for formal and actual parameter 1
c:\users\aaron\documents\visual studio 2015\projects\advproproject\advproproject\main.c(546): warning C4047: 'function': 'FILE *const ' differs in levels of indirection from 'FILE **'
c:\users\aaron\documents\visual studio 2015\projects\advproproject\advproproject\main.c(546): warning C4024: 'fscanf': different types for formal and actual parameter 1
c:\users\aaron\documents\visual studio 2015\projects\advproproject\advproproject\main.c(557): warning C4047: 'function': 'FILE *' differs in levels of indirection from 'FILE **'
c:\users\aaron\documents\visual studio 2015\projects\advproproject\advproproject\main.c(557): warning C4024: 'feof': different types for formal and actual parameter 1
c:\users\aaron\documents\visual studio 2015\projects\advproproject\advproproject\main.c(568): warning C4047: 'function': 'FILE *' differs in levels of indirection from 'FILE **'
c:\users\aaron\documents\visual studio 2015\projects\advproproject\advproproject\main.c(568): warning C4024: 'fclose': different types for formal and actual parameter 1
c:\users\aaron\documents\visual studio 2015\projects\advproproject\advproproject\main.c(487): warning C4996: 'fopen': This function or variable may be unsafe. Consider using fopen_s instead. To disable deprecation, use _CRT_SECURE_NO_WARNINGS. See online help for details.
  c:\program files (x86)\windows kits\10\include\10.0.14393.0\ucrt\stdio.h(207): note: see declaration of 'fopen'
c:\users\aaron\documents\visual studio 2015\projects\advproproject\advproproject\main.c(504): warning C4996: 'scanf': This function or variable may be unsafe. Consider using scanf_s instead. To disable deprecation, use _CRT_SECURE_NO_WARNINGS. See online help for details.
  c:\program files (x86)\windows kits\10\include\10.0.14393.0\ucrt\stdio.h(1269): note: see declaration of 'scanf'
c:\users\aaron\documents\visual studio 2015\projects\advproproject\advproproject\main.c(511): warning C4996: 'getch': The POSIX name for this item is deprecated. Instead, use the ISO C and C++ conformant name: _getch. See online help for details.
  c:\program files (x86)\windows kits\10\include\10.0.14393.0\ucrt\conio.h(452): note: see declaration of 'getch'
c:\users\aaron\documents\visual studio 2015\projects\advproproject\advproproject\main.c(546): warning C4996: 'fscanf': This function or variable may be unsafe. Consider using fscanf_s instead. To disable deprecation, use _CRT_SECURE_NO_WARNINGS. See online help for details.
  c:\program files (x86)\windows kits\10\include\10.0.14393.0\ucrt\stdio.h(1192): note: see declaration of 'fscanf'
c:\users\aaron\documents\visual studio 2015\projects\advproproject\advproproject\main.c(592): warning C4996: 'scanf': This function or variable may be unsafe. Consider using scanf_s instead. To disable deprecation, use _CRT_SECURE_NO_WARNINGS. See online help for details.
  c:\program files (x86)\windows kits\10\include\10.0.14393.0\ucrt\stdio.h(1269): note: see declaration of 'scanf'
c:\users\aaron\documents\visual studio 2015\projects\advproproject\advproproject\main.c(577): warning C4101: 'prev': unreferenced local variable
c:\users\aaron\documents\visual studio 2015\projects\advproproject\advproproject\main.c(634): warning C4996: 'strcpy': This function or variable may be unsafe. Consider using strcpy_s instead. To disable deprecation, use _CRT_SECURE_NO_WARNINGS. See online help for details.
  c:\program files (x86)\windows kits\10\include\10.0.14393.0\ucrt\string.h(129): note: see declaration of 'strcpy'
c:\users\aaron\documents\visual studio 2015\projects\advproproject\advproproject\main.c(695): warning C4047: 'function': 'passengerNode *' differs in levels of indirection from 'passengerNode **'
c:\users\aaron\documents\visual studio 2015\projects\advproproject\advproproject\main.c(695): warning C4024: 'searchPassportNum': different types for formal and actual parameter 1
c:\users\aaron\documents\visual studio 2015\projects\advproproject\advproproject\main.c(691): warning C4996: 'scanf': This function or variable may be unsafe. Consider using scanf_s instead. To disable deprecation, use _CRT_SECURE_NO_WARNINGS. See online help for details.
  c:\program files (x86)\windows kits\10\include\10.0.14393.0\ucrt\stdio.h(1269): note: see declaration of 'scanf'
c:\users\aaron\documents\visual studio 2015\projects\advproproject\advproproject\main.c(706): warning C4996: 'scanf': This function or variable may be unsafe. Consider using scanf_s instead. To disable deprecation, use _CRT_SECURE_NO_WARNINGS. See online help for details.
  c:\program files (x86)\windows kits\10\include\10.0.14393.0\ucrt\stdio.h(1269): note: see declaration of 'scanf'
c:\users\aaron\documents\visual studio 2015\projects\advproproject\advproproject\main.c(709): warning C4996: 'scanf': This function or variable may be unsafe. Consider using scanf_s instead. To disable deprecation, use _CRT_SECURE_NO_WARNINGS. See online help for details.
  c:\program files (x86)\windows kits\10\include\10.0.14393.0\ucrt\stdio.h(1269): note: see declaration of 'scanf'
c:\users\aaron\documents\visual studio 2015\projects\advproproject\advproproject\main.c(712): warning C4996: 'scanf': This function or variable may be unsafe. Consider using scanf_s instead. To disable deprecation, use _CRT_SECURE_NO_WARNINGS. See online help for details.
  c:\program files (x86)\windows kits\10\include\10.0.14393.0\ucrt\stdio.h(1269): note: see declaration of 'scanf'
c:\users\aaron\documents\visual studio 2015\projects\advproproject\advproproject\main.c(717): warning C4996: 'scanf': This function or variable may be unsafe. Consider using scanf_s instead. To disable deprecation, use _CRT_SECURE_NO_WARNINGS. See online help for details.
  c:\program files (x86)\windows kits\10\include\10.0.14393.0\ucrt\stdio.h(1269): note: see declaration of 'scanf'
c:\users\aaron\documents\visual studio 2015\projects\advproproject\advproproject\main.c(732): warning C4996: 'strcpy': This function or variable may be unsafe. Consider using strcpy_s instead. To disable deprecation, use _CRT_SECURE_NO_WARNINGS. See online help for details.
  c:\program files (x86)\windows kits\10\include\10.0.14393.0\ucrt\string.h(129): note: see declaration of 'strcpy'
c:\users\aaron\documents\visual studio 2015\projects\advproproject\advproproject\main.c(746): warning C4996: 'scanf': This function or variable may be unsafe. Consider using scanf_s instead. To disable deprecation, use _CRT_SECURE_NO_WARNINGS. See online help for details.
  c:\program files (x86)\windows kits\10\include\10.0.14393.0\ucrt\stdio.h(1269): note: see declaration of 'scanf'
c:\users\aaron\documents\visual studio 2015\projects\advproproject\advproproject\main.c(755): warning C4996: 'strcpy': This function or variable may be unsafe. Consider using strcpy_s instead. To disable deprecation, use _CRT_SECURE_NO_WARNINGS. See online help for details.
  c:\program files (x86)\windows kits\10\include\10.0.14393.0\ucrt\string.h(129): note: see declaration of 'strcpy'
c:\users\aaron\documents\visual studio 2015\projects\advproproject\advproproject\main.c(760): warning C4996: 'strcpy': This function or variable may be unsafe. Consider using strcpy_s instead. To disable deprecation, use _CRT_SECURE_NO_WARNINGS. See online help for details.
  c:\program files (x86)\windows kits\10\include\10.0.14393.0\ucrt\string.h(129): note: see declaration of 'strcpy'
c:\users\aaron\documents\visual studio 2015\projects\advproproject\advproproject\main.c(765): warning C4996: 'strcpy': This function or variable may be unsafe. Consider using strcpy_s instead. To disable deprecation, use _CRT_SECURE_NO_WARNINGS. See online help for details.
  c:\program files (x86)\windows kits\10\include\10.0.14393.0\ucrt\string.h(129): note: see declaration of 'strcpy'
c:\users\aaron\documents\visual studio 2015\projects\advproproject\advproproject\main.c(770): warning C4996: 'strcpy': This function or variable may be unsafe. Consider using strcpy_s instead. To disable deprecation, use _CRT_SECURE_NO_WARNINGS. See online help for details.
  c:\program files (x86)\windows kits\10\include\10.0.14393.0\ucrt\string.h(129): note: see declaration of 'strcpy'
c:\users\aaron\documents\visual studio 2015\projects\advproproject\advproproject\main.c(775): warning C4996: 'strcpy': This function or variable may be unsafe. Consider using strcpy_s instead. To disable deprecation, use _CRT_SECURE_NO_WARNINGS. See online help for details.
  c:\program files (x86)\windows kits\10\include\10.0.14393.0\ucrt\string.h(129): note: see declaration of 'strcpy'
c:\users\aaron\documents\visual studio 2015\projects\advproproject\advproproject\main.c(792): warning C4996: 'scanf': This function or variable may be unsafe. Consider using scanf_s instead. To disable deprecation, use _CRT_SECURE_NO_WARNINGS. See online help for details.
  c:\program files (x86)\windows kits\10\include\10.0.14393.0\ucrt\stdio.h(1269): note: see declaration of 'scanf'
c:\users\aaron\documents\visual studio 2015\projects\advproproject\advproproject\main.c(802): warning C4996: 'strcpy': This function or variable may be unsafe. Consider using strcpy_s instead. To disable deprecation, use _CRT_SECURE_NO_WARNINGS. See online help for details.
  c:\program files (x86)\windows kits\10\include\10.0.14393.0\ucrt\string.h(129): note: see declaration of 'strcpy'
c:\users\aaron\documents\visual studio 2015\projects\advproproject\advproproject\main.c(807): warning C4996: 'strcpy': This function or variable may be unsafe. Consider using strcpy_s instead. To disable deprecation, use _CRT_SECURE_NO_WARNINGS. See online help for details.
  c:\program files (x86)\windows kits\10\include\10.0.14393.0\ucrt\string.h(129): note: see declaration of 'strcpy'
c:\users\aaron\documents\visual studio 2015\projects\advproproject\advproproject\main.c(812): warning C4996: 'strcpy': This function or variable may be unsafe. Consider using strcpy_s instead. To disable deprecation, use _CRT_SECURE_NO_WARNINGS. See online help for details.
  c:\program files (x86)\windows kits\10\include\10.0.14393.0\ucrt\string.h(129): note: see declaration of 'strcpy'
c:\users\aaron\documents\visual studio 2015\projects\advproproject\advproproject\main.c(817): warning C4996: 'strcpy': This function or variable may be unsafe. Consider using strcpy_s instead. To disable deprecation, use _CRT_SECURE_NO_WARNINGS. See online help for details.
  c:\program files (x86)\windows kits\10\include\10.0.14393.0\ucrt\string.h(129): note: see declaration of 'strcpy'
c:\users\aaron\documents\visual studio 2015\projects\advproproject\advproproject\main.c(832): warning C4996: 'scanf': This function or variable may be unsafe. Consider using scanf_s instead. To disable deprecation, use _CRT_SECURE_NO_WARNINGS. See online help for details.
  c:\program files (x86)\windows kits\10\include\10.0.14393.0\ucrt\stdio.h(1269): note: see declaration of 'scanf'
c:\users\aaron\documents\visual studio 2015\projects\advproproject\advproproject\main.c(842): warning C4996: 'strcpy': This function or variable may be unsafe. Consider using strcpy_s instead. To disable deprecation, use _CRT_SECURE_NO_WARNINGS. See online help for details.
  c:\program files (x86)\windows kits\10\include\10.0.14393.0\ucrt\string.h(129): note: see declaration of 'strcpy'
c:\users\aaron\documents\visual studio 2015\projects\advproproject\advproproject\main.c(847): warning C4996: 'strcpy': This function or variable may be unsafe. Consider using strcpy_s instead. To disable deprecation, use _CRT_SECURE_NO_WARNINGS. See online help for details.
  c:\program files (x86)\windows kits\10\include\10.0.14393.0\ucrt\string.h(129): note: see declaration of 'strcpy'
c:\users\aaron\documents\visual studio 2015\projects\advproproject\advproproject\main.c(852): warning C4996: 'strcpy': This function or variable may be unsafe. Consider using strcpy_s instead. To disable deprecation, use _CRT_SECURE_NO_WARNINGS. See online help for details.
  c:\program files (x86)\windows kits\10\include\10.0.14393.0\ucrt\string.h(129): note: see declaration of 'strcpy'
c:\users\aaron\documents\visual studio 2015\projects\advproproject\advproproject\main.c(868): warning C4996: 'scanf': This function or variable may be unsafe. Consider using scanf_s instead. To disable deprecation, use _CRT_SECURE_NO_WARNINGS. See online help for details.
  c:\program files (x86)\windows kits\10\include\10.0.14393.0\ucrt\stdio.h(1269): note: see declaration of 'scanf'
c:\users\aaron\documents\visual studio 2015\projects\advproproject\advproproject\main.c(878): warning C4996: 'strcpy': This function or variable may be unsafe. Consider using strcpy_s instead. To disable deprecation, use _CRT_SECURE_NO_WARNINGS. See online help for details.
  c:\program files (x86)\windows kits\10\include\10.0.14393.0\ucrt\string.h(129): note: see declaration of 'strcpy'
c:\users\aaron\documents\visual studio 2015\projects\advproproject\advproproject\main.c(883): warning C4996: 'strcpy': This function or variable may be unsafe. Consider using strcpy_s instead. To disable deprecation, use _CRT_SECURE_NO_WARNINGS. See online help for details.
  c:\program files (x86)\windows kits\10\include\10.0.14393.0\ucrt\string.h(129): note: see declaration of 'strcpy'
c:\users\aaron\documents\visual studio 2015\projects\advproproject\advproproject\main.c(888): warning C4996: 'strcpy': This function or variable may be unsafe. Consider using strcpy_s instead. To disable deprecation, use _CRT_SECURE_NO_WARNINGS. See online help for details.
  c:\program files (x86)\windows kits\10\include\10.0.14393.0\ucrt\string.h(129): note: see declaration of 'strcpy'
c:\users\aaron\documents\visual studio 2015\projects\advproproject\advproproject\main.c(893): warning C4996: 'strcpy': This function or variable may be unsafe. Consider using strcpy_s instead. To disable deprecation, use _CRT_SECURE_NO_WARNINGS. See online help for details.
  c:\program files (x86)\windows kits\10\include\10.0.14393.0\ucrt\string.h(129): note: see declaration of 'strcpy'
c:\users\aaron\documents\visual studio 2015\projects\advproproject\advproproject\main.c(930): warning C4996: 'scanf': This function or variable may be unsafe. Consider using scanf_s instead. To disable deprecation, use _CRT_SECURE_NO_WARNINGS. See online help for details.
  c:\program files (x86)\windows kits\10\include\10.0.14393.0\ucrt\stdio.h(1269): note: see declaration of 'scanf'
c:\users\aaron\documents\visual studio 2015\projects\advproproject\advproproject\main.c(937): warning C4996: 'scanf': This function or variable may be unsafe. Consider using scanf_s instead. To disable deprecation, use _CRT_SECURE_NO_WARNINGS. See online help for details.
  c:\program files (x86)\windows kits\10\include\10.0.14393.0\ucrt\stdio.h(1269): note: see declaration of 'scanf'
c:\users\aaron\documents\visual studio 2015\projects\advproproject\advproproject\main.c(940): warning C4996: 'scanf': This function or variable may be unsafe. Consider using scanf_s instead. To disable deprecation, use _CRT_SECURE_NO_WARNINGS. See online help for details.
  c:\program files (x86)\windows kits\10\include\10.0.14393.0\ucrt\stdio.h(1269): note: see declaration of 'scanf'
c:\users\aaron\documents\visual studio 2015\projects\advproproject\advproproject\main.c(943): warning C4996: 'scanf': This function or variable may be unsafe. Consider using scanf_s instead. To disable deprecation, use _CRT_SECURE_NO_WARNINGS. See online help for details.
  c:\program files (x86)\windows kits\10\include\10.0.14393.0\ucrt\stdio.h(1269): note: see declaration of 'scanf'
c:\users\aaron\documents\visual studio 2015\projects\advproproject\advproproject\main.c(948): warning C4996: 'scanf': This function or variable may be unsafe. Consider using scanf_s instead. To disable deprecation, use _CRT_SECURE_NO_WARNINGS. See online help for details.
  c:\program files (x86)\windows kits\10\include\10.0.14393.0\ucrt\stdio.h(1269): note: see declaration of 'scanf'
c:\users\aaron\documents\visual studio 2015\projects\advproproject\advproproject\main.c(963): warning C4996: 'strcpy': This function or variable may be unsafe. Consider using strcpy_s instead. To disable deprecation, use _CRT_SECURE_NO_WARNINGS. See online help for details.
  c:\program files (x86)\windows kits\10\include\10.0.14393.0\ucrt\string.h(129): note: see declaration of 'strcpy'
c:\users\aaron\documents\visual studio 2015\projects\advproproject\advproproject\main.c(977): warning C4996: 'scanf': This function or variable may be unsafe. Consider using scanf_s instead. To disable deprecation, use _CRT_SECURE_NO_WARNINGS. See online help for details.
  c:\program files (x86)\windows kits\10\include\10.0.14393.0\ucrt\stdio.h(1269): note: see declaration of 'scanf'
c:\users\aaron\documents\visual studio 2015\projects\advproproject\advproproject\main.c(986): warning C4996: 'strcpy': This function or variable may be unsafe. Consider using strcpy_s instead. To disable deprecation, use _CRT_SECURE_NO_WARNINGS. See online help for details.
  c:\program files (x86)\windows kits\10\include\10.0.14393.0\ucrt\string.h(129): note: see declaration of 'strcpy'
c:\users\aaron\documents\visual studio 2015\projects\advproproject\advproproject\main.c(991): warning C4996: 'strcpy': This function or variable may be unsafe. Consider using strcpy_s instead. To disable deprecation, use _CRT_SECURE_NO_WARNINGS. See online help for details.
  c:\program files (x86)\windows kits\10\include\10.0.14393.0\ucrt\string.h(129): note: see declaration of 'strcpy'
c:\users\aaron\documents\visual studio 2015\projects\advproproject\advproproject\main.c(996): warning C4996: 'strcpy': This function or variable may be unsafe. Consider using strcpy_s instead. To disable deprecation, use _CRT_SECURE_NO_WARNINGS. See online help for details.
  c:\program files (x86)\windows kits\10\include\10.0.14393.0\ucrt\string.h(129): note: see declaration of 'strcpy'
c:\users\aaron\documents\visual studio 2015\projects\advproproject\advproproject\main.c(1001): warning C4996: 'strcpy': This function or variable may be unsafe. Consider using strcpy_s instead. To disable deprecation, use _CRT_SECURE_NO_WARNINGS. See online help for details.
  c:\program files (x86)\windows kits\10\include\10.0.14393.0\ucrt\string.h(129): note: see declaration of 'strcpy'
c:\users\aaron\documents\visual studio 2015\projects\advproproject\advproproject\main.c(1006): warning C4996: 'strcpy': This function or variable may be unsafe. Consider using strcpy_s instead. To disable deprecation, use _CRT_SECURE_NO_WARNINGS. See online help for details.
  c:\program files (x86)\windows kits\10\include\10.0.14393.0\ucrt\string.h(129): note: see declaration of 'strcpy'
c:\users\aaron\documents\visual studio 2015\projects\advproproject\advproproject\main.c(1023): warning C4996: 'scanf': This function or variable may be unsafe. Consider using scanf_s instead. To disable deprecation, use _CRT_SECURE_NO_WARNINGS. See online help for details.
  c:\program files (x86)\windows kits\10\include\10.0.14393.0\ucrt\stdio.h(1269): note: see declaration of 'scanf'
c:\users\aaron\documents\visual studio 2015\projects\advproproject\advproproject\main.c(1033): warning C4996: 'strcpy': This function or variable may be unsafe. Consider using strcpy_s instead. To disable deprecation, use _CRT_SECURE_NO_WARNINGS. See online help for details.
  c:\program files (x86)\windows kits\10\include\10.0.14393.0\ucrt\string.h(129): note: see declaration of 'strcpy'
c:\users\aaron\documents\visual studio 2015\projects\advproproject\advproproject\main.c(1038): warning C4996: 'strcpy': This function or variable may be unsafe. Consider using strcpy_s instead. To disable deprecation, use _CRT_SECURE_NO_WARNINGS. See online help for details.
  c:\program files (x86)\windows kits\10\include\10.0.14393.0\ucrt\string.h(129): note: see declaration of 'strcpy'
c:\users\aaron\documents\visual studio 2015\projects\advproproject\advproproject\main.c(1043): warning C4996: 'strcpy': This function or variable may be unsafe. Consider using strcpy_s instead. To disable deprecation, use _CRT_SECURE_NO_WARNINGS. See online help for details.
  c:\program files (x86)\windows kits\10\include\10.0.14393.0\ucrt\string.h(129): note: see declaration of 'strcpy'
c:\users\aaron\documents\visual studio 2015\projects\advproproject\advproproject\main.c(1048): warning C4996: 'strcpy': This function or variable may be unsafe. Consider using strcpy_s instead. To disable deprecation, use _CRT_SECURE_NO_WARNINGS. See online help for details.
  c:\program files (x86)\windows kits\10\include\10.0.14393.0\ucrt\string.h(129): note: see declaration of 'strcpy'
c:\users\aaron\documents\visual studio 2015\projects\advproproject\advproproject\main.c(1063): warning C4996: 'scanf': This function or variable may be unsafe. Consider using scanf_s instead. To disable deprecation, use _CRT_SECURE_NO_WARNINGS. See online help for details.
  c:\program files (x86)\windows kits\10\include\10.0.14393.0\ucrt\stdio.h(1269): note: see declaration of 'scanf'
c:\users\aaron\documents\visual studio 2015\projects\advproproject\advproproject\main.c(1073): warning C4996: 'strcpy': This function or variable may be unsafe. Consider using strcpy_s instead. To disable deprecation, use _CRT_SECURE_NO_WARNINGS. See online help for details.
  c:\program files (x86)\windows kits\10\include\10.0.14393.0\ucrt\string.h(129): note: see declaration of 'strcpy'
c:\users\aaron\documents\visual studio 2015\projects\advproproject\advproproject\main.c(1078): warning C4996: 'strcpy': This function or variable may be unsafe. Consider using strcpy_s instead. To disable deprecation, use _CRT_SECURE_NO_WARNINGS. See online help for details.
  c:\program files (x86)\windows kits\10\include\10.0.14393.0\ucrt\string.h(129): note: see declaration of 'strcpy'
c:\users\aaron\documents\visual studio 2015\projects\advproproject\advproproject\main.c(1083): warning C4996: 'strcpy': This function or variable may be unsafe. Consider using strcpy_s instead. To disable deprecation, use _CRT_SECURE_NO_WARNINGS. See online help for details.
  c:\program files (x86)\windows kits\10\include\10.0.14393.0\ucrt\string.h(129): note: see declaration of 'strcpy'
c:\users\aaron\documents\visual studio 2015\projects\advproproject\advproproject\main.c(1099): warning C4996: 'scanf': This function or variable may be unsafe. Consider using scanf_s instead. To disable deprecation, use _CRT_SECURE_NO_WARNINGS. See online help for details.
  c:\program files (x86)\windows kits\10\include\10.0.14393.0\ucrt\stdio.h(1269): note: see declaration of 'scanf'
c:\users\aaron\documents\visual studio 2015\projects\advproproject\advproproject\main.c(1109): warning C4996: 'strcpy': This function or variable may be unsafe. Consider using strcpy_s instead. To disable deprecation, use _CRT_SECURE_NO_WARNINGS. See online help for details.
  c:\program files (x86)\windows kits\10\include\10.0.14393.0\ucrt\string.h(129): note: see declaration of 'strcpy'
c:\users\aaron\documents\visual studio 2015\projects\advproproject\advproproject\main.c(1114): warning C4996: 'strcpy': This function or variable may be unsafe. Consider using strcpy_s instead. To disable deprecation, use _CRT_SECURE_NO_WARNINGS. See online help for details.
  c:\program files (x86)\windows kits\10\include\10.0.14393.0\ucrt\string.h(129): note: see declaration of 'strcpy'
c:\users\aaron\documents\visual studio 2015\projects\advproproject\advproproject\main.c(1119): warning C4996: 'strcpy': This function or variable may be unsafe. Consider using strcpy_s instead. To disable deprecation, use _CRT_SECURE_NO_WARNINGS. See online help for details.
  c:\program files (x86)\windows kits\10\include\10.0.14393.0\ucrt\string.h(129): note: see declaration of 'strcpy'
c:\users\aaron\documents\visual studio 2015\projects\advproproject\advproproject\main.c(1124): warning C4996: 'strcpy': This function or variable may be unsafe. Consider using strcpy_s instead. To disable deprecation, use _CRT_SECURE_NO_WARNINGS. See online help for details.
  c:\program files (x86)\windows kits\10\include\10.0.14393.0\ucrt\string.h(129): note: see declaration of 'strcpy'
c:\users\aaron\documents\visual studio 2015\projects\advproproject\advproproject\main.c(1167): warning C4996: 'scanf': This function or variable may be unsafe. Consider using scanf_s instead. To disable deprecation, use _CRT_SECURE_NO_WARNINGS. See online help for details.
  c:\program files (x86)\windows kits\10\include\10.0.14393.0\ucrt\stdio.h(1269): note: see declaration of 'scanf'
c:\users\aaron\documents\visual studio 2015\projects\advproproject\advproproject\main.c(1174): warning C4996: 'scanf': This function or variable may be unsafe. Consider using scanf_s instead. To disable deprecation, use _CRT_SECURE_NO_WARNINGS. See online help for details.
  c:\program files (x86)\windows kits\10\include\10.0.14393.0\ucrt\stdio.h(1269): note: see declaration of 'scanf'
c:\users\aaron\documents\visual studio 2015\projects\advproproject\advproproject\main.c(1177): warning C4996: 'scanf': This function or variable may be unsafe. Consider using scanf_s instead. To disable deprecation, use _CRT_SECURE_NO_WARNINGS. See online help for details.
  c:\program files (x86)\windows kits\10\include\10.0.14393.0\ucrt\stdio.h(1269): note: see declaration of 'scanf'
c:\users\aaron\documents\visual studio 2015\projects\advproproject\advproproject\main.c(1180): warning C4996: 'scanf': This function or variable may be unsafe. Consider using scanf_s instead. To disable deprecation, use _CRT_SECURE_NO_WARNINGS. See online help for details.
  c:\program files (x86)\windows kits\10\include\10.0.14393.0\ucrt\stdio.h(1269): note: see declaration of 'scanf'
c:\users\aaron\documents\visual studio 2015\projects\advproproject\advproproject\main.c(1185): warning C4996: 'scanf': This function or variable may be unsafe. Consider using scanf_s instead. To disable deprecation, use _CRT_SECURE_NO_WARNINGS. See online help for details.
  c:\program files (x86)\windows kits\10\include\10.0.14393.0\ucrt\stdio.h(1269): note: see declaration of 'scanf'
c:\users\aaron\documents\visual studio 2015\projects\advproproject\advproproject\main.c(1200): warning C4996: 'strcpy': This function or variable may be unsafe. Consider using strcpy_s instead. To disable deprecation, use _CRT_SECURE_NO_WARNINGS. See online help for details.
  c:\program files (x86)\windows kits\10\include\10.0.14393.0\ucrt\string.h(129): note: see declaration of 'strcpy'
c:\users\aaron\documents\visual studio 2015\projects\advproproject\advproproject\main.c(1215): warning C4996: 'scanf': This function or variable may be unsafe. Consider using scanf_s instead. To disable deprecation, use _CRT_SECURE_NO_WARNINGS. See online help for details.
  c:\program files (x86)\windows kits\10\include\10.0.14393.0\ucrt\stdio.h(1269): note: see declaration of 'scanf'
c:\users\aaron\documents\visual studio 2015\projects\advproproject\advproproject\main.c(1224): warning C4996: 'strcpy': This function or variable may be unsafe. Consider using strcpy_s instead. To disable deprecation, use _CRT_SECURE_NO_WARNINGS. See online help for details.
  c:\program files (x86)\windows kits\10\include\10.0.14393.0\ucrt\string.h(129): note: see declaration of 'strcpy'
c:\users\aaron\documents\visual studio 2015\projects\advproproject\advproproject\main.c(1229): warning C4996: 'strcpy': This function or variable may be unsafe. Consider using strcpy_s instead. To disable deprecation, use _CRT_SECURE_NO_WARNINGS. See online help for details.
  c:\program files (x86)\windows kits\10\include\10.0.14393.0\ucrt\string.h(129): note: see declaration of 'strcpy'
c:\users\aaron\documents\visual studio 2015\projects\advproproject\advproproject\main.c(1234): warning C4996: 'strcpy': This function or variable may be unsafe. Consider using strcpy_s instead. To disable deprecation, use _CRT_SECURE_NO_WARNINGS. See online help for details.
  c:\program files (x86)\windows kits\10\include\10.0.14393.0\ucrt\string.h(129): note: see declaration of 'strcpy'
c:\users\aaron\documents\visual studio 2015\projects\advproproject\advproproject\main.c(1239): warning C4996: 'strcpy': This function or variable may be unsafe. Consider using strcpy_s instead. To disable deprecation, use _CRT_SECURE_NO_WARNINGS. See online help for details.
  c:\program files (x86)\windows kits\10\include\10.0.14393.0\ucrt\string.h(129): note: see declaration of 'strcpy'
c:\users\aaron\documents\visual studio 2015\projects\advproproject\advproproject\main.c(1244): warning C4996: 'strcpy': This function or variable may be unsafe. Consider using strcpy_s instead. To disable deprecation, use _CRT_SECURE_NO_WARNINGS. See online help for details.
  c:\program files (x86)\windows kits\10\include\10.0.14393.0\ucrt\string.h(129): note: see declaration of 'strcpy'
c:\users\aaron\documents\visual studio 2015\projects\advproproject\advproproject\main.c(1261): warning C4996: 'scanf': This function or variable may be unsafe. Consider using scanf_s instead. To disable deprecation, use _CRT_SECURE_NO_WARNINGS. See online help for details.
  c:\program files (x86)\windows kits\10\include\10.0.14393.0\ucrt\stdio.h(1269): note: see declaration of 'scanf'
c:\users\aaron\documents\visual studio 2015\projects\advproproject\advproproject\main.c(1271): warning C4996: 'strcpy': This function or variable may be unsafe. Consider using strcpy_s instead. To disable deprecation, use _CRT_SECURE_NO_WARNINGS. See online help for details.
  c:\program files (x86)\windows kits\10\include\10.0.14393.0\ucrt\string.h(129): note: see declaration of 'strcpy'
c:\users\aaron\documents\visual studio 2015\projects\advproproject\advproproject\main.c(1276): warning C4996: 'strcpy': This function or variable may be unsafe. Consider using strcpy_s instead. To disable deprecation, use _CRT_SECURE_NO_WARNINGS. See online help for details.
  c:\program files (x86)\windows kits\10\include\10.0.14393.0\ucrt\string.h(129): note: see declaration of 'strcpy'
c:\users\aaron\documents\visual studio 2015\projects\advproproject\advproproject\main.c(1281): warning C4996: 'strcpy': This function or variable may be unsafe. Consider using strcpy_s instead. To disable deprecation, use _CRT_SECURE_NO_WARNINGS. See online help for details.
  c:\program files (x86)\windows kits\10\include\10.0.14393.0\ucrt\string.h(129): note: see declaration of 'strcpy'
c:\users\aaron\documents\visual studio 2015\projects\advproproject\advproproject\main.c(1286): warning C4996: 'strcpy': This function or variable may be unsafe. Consider using strcpy_s instead. To disable deprecation, use _CRT_SECURE_NO_WARNINGS. See online help for details.
  c:\program files (x86)\windows kits\10\include\10.0.14393.0\ucrt\string.h(129): note: see declaration of 'strcpy'
c:\users\aaron\documents\visual studio 2015\projects\advproproject\advproproject\main.c(1301): warning C4996: 'scanf': This function or variable may be unsafe. Consider using scanf_s instead. To disable deprecation, use _CRT_SECURE_NO_WARNINGS. See online help for details.
  c:\program files (x86)\windows kits\10\include\10.0.14393.0\ucrt\stdio.h(1269): note: see declaration of 'scanf'
c:\users\aaron\documents\visual studio 2015\projects\advproproject\advproproject\main.c(1311): warning C4996: 'strcpy': This function or variable may be unsafe. Consider using strcpy_s instead. To disable deprecation, use _CRT_SECURE_NO_WARNINGS. See online help for details.
  c:\program files (x86)\windows kits\10\include\10.0.14393.0\ucrt\string.h(129): note: see declaration of 'strcpy'
c:\users\aaron\documents\visual studio 2015\projects\advproproject\advproproject\main.c(1316): warning C4996: 'strcpy': This function or variable may be unsafe. Consider using strcpy_s instead. To disable deprecation, use _CRT_SECURE_NO_WARNINGS. See online help for details.
  c:\program files (x86)\windows kits\10\include\10.0.14393.0\ucrt\string.h(129): note: see declaration of 'strcpy'
c:\users\aaron\documents\visual studio 2015\projects\advproproject\advproproject\main.c(1321): warning C4996: 'strcpy': This function or variable may be unsafe. Consider using strcpy_s instead. To disable deprecation, use _CRT_SECURE_NO_WARNINGS. See online help for details.
  c:\program files (x86)\windows kits\10\include\10.0.14393.0\ucrt\string.h(129): note: see declaration of 'strcpy'
c:\users\aaron\documents\visual studio 2015\projects\advproproject\advproproject\main.c(1337): warning C4996: 'scanf': This function or variable may be unsafe. Consider using scanf_s instead. To disable deprecation, use _CRT_SECURE_NO_WARNINGS. See online help for details.
  c:\program files (x86)\windows kits\10\include\10.0.14393.0\ucrt\stdio.h(1269): note: see declaration of 'scanf'
c:\users\aaron\documents\visual studio 2015\projects\advproproject\advproproject\main.c(1347): warning C4996: 'strcpy': This function or variable may be unsafe. Consider using strcpy_s instead. To disable deprecation, use _CRT_SECURE_NO_WARNINGS. See online help for details.
  c:\program files (x86)\windows kits\10\include\10.0.14393.0\ucrt\string.h(129): note: see declaration of 'strcpy'
c:\users\aaron\documents\visual studio 2015\projects\advproproject\advproproject\main.c(1352): warning C4996: 'strcpy': This function or variable may be unsafe. Consider using strcpy_s instead. To disable deprecation, use _CRT_SECURE_NO_WARNINGS. See online help for details.
  c:\program files (x86)\windows kits\10\include\10.0.14393.0\ucrt\string.h(129): note: see declaration of 'strcpy'
c:\users\aaron\documents\visual studio 2015\projects\advproproject\advproproject\main.c(1357): warning C4996: 'strcpy': This function or variable may be unsafe. Consider using strcpy_s instead. To disable deprecation, use _CRT_SECURE_NO_WARNINGS. See online help for details.
  c:\program files (x86)\windows kits\10\include\10.0.14393.0\ucrt\string.h(129): note: see declaration of 'strcpy'
c:\users\aaron\documents\visual studio 2015\projects\advproproject\advproproject\main.c(1362): warning C4996: 'strcpy': This function or variable may be unsafe. Consider using strcpy_s instead. To disable deprecation, use _CRT_SECURE_NO_WARNINGS. See online help for details.
  c:\program files (x86)\windows kits\10\include\10.0.14393.0\ucrt\string.h(129): note: see declaration of 'strcpy'
c:\users\aaron\documents\visual studio 2015\projects\advproproject\advproproject\main.c(1486): warning C4996: 'scanf': This function or variable may be unsafe. Consider using scanf_s instead. To disable deprecation, use _CRT_SECURE_NO_WARNINGS. See online help for details.
  c:\program files (x86)\windows kits\10\include\10.0.14393.0\ucrt\stdio.h(1269): note: see declaration of 'scanf'
c:\users\aaron\documents\visual studio 2015\projects\advproproject\advproproject\main.c(1493): warning C4996: 'scanf': This function or variable may be unsafe. Consider using scanf_s instead. To disable deprecation, use _CRT_SECURE_NO_WARNINGS. See online help for details.
  c:\program files (x86)\windows kits\10\include\10.0.14393.0\ucrt\stdio.h(1269): note: see declaration of 'scanf'
c:\users\aaron\documents\visual studio 2015\projects\advproproject\advproproject\main.c(1525): warning C4996: 'scanf': This function or variable may be unsafe. Consider using scanf_s instead. To disable deprecation, use _CRT_SECURE_NO_WARNINGS. See online help for details.
  c:\program files (x86)\windows kits\10\include\10.0.14393.0\ucrt\stdio.h(1269): note: see declaration of 'scanf'
c:\users\aaron\documents\visual studio 2015\projects\advproproject\advproproject\main.c(1528): warning C4996: 'scanf': This function or variable may be unsafe. Consider using scanf_s instead. To disable deprecation, use _CRT_SECURE_NO_WARNINGS. See online help for details.
  c:\program files (x86)\windows kits\10\include\10.0.14393.0\ucrt\stdio.h(1269): note: see declaration of 'scanf'
c:\users\aaron\documents\visual studio 2015\projects\advproproject\advproproject\main.c(1587): warning C4996: 'scanf': This function or variable may be unsafe. Consider using scanf_s instead. To disable deprecation, use _CRT_SECURE_NO_WARNINGS. See online help for details.
  c:\program files (x86)\windows kits\10\include\10.0.14393.0\ucrt\stdio.h(1269): note: see declaration of 'scanf'
c:\users\aaron\documents\visual studio 2015\projects\advproproject\advproproject\main.c(1596): warning C4996: 'strcpy': This function or variable may be unsafe. Consider using strcpy_s instead. To disable deprecation, use _CRT_SECURE_NO_WARNINGS. See online help for details.
  c:\program files (x86)\windows kits\10\include\10.0.14393.0\ucrt\string.h(129): note: see declaration of 'strcpy'
c:\users\aaron\documents\visual studio 2015\projects\advproproject\advproproject\main.c(1601): warning C4996: 'strcpy': This function or variable may be unsafe. Consider using strcpy_s instead. To disable deprecation, use _CRT_SECURE_NO_WARNINGS. See online help for details.
  c:\program files (x86)\windows kits\10\include\10.0.14393.0\ucrt\string.h(129): note: see declaration of 'strcpy'
c:\users\aaron\documents\visual studio 2015\projects\advproproject\advproproject\main.c(1606): warning C4996: 'strcpy': This function or variable may be unsafe. Consider using strcpy_s instead. To disable deprecation, use _CRT_SECURE_NO_WARNINGS. See online help for details.
  c:\program files (x86)\windows kits\10\include\10.0.14393.0\ucrt\string.h(129): note: see declaration of 'strcpy'
c:\users\aaron\documents\visual studio 2015\projects\advproproject\advproproject\main.c(1611): warning C4996: 'strcpy': This function or variable may be unsafe. Consider using strcpy_s instead. To disable deprecation, use _CRT_SECURE_NO_WARNINGS. See online help for details.
  c:\program files (x86)\windows kits\10\include\10.0.14393.0\ucrt\string.h(129): note: see declaration of 'strcpy'
c:\users\aaron\documents\visual studio 2015\projects\advproproject\advproproject\main.c(1616): warning C4996: 'strcpy': This function or variable may be unsafe. Consider using strcpy_s instead. To disable deprecation, use _CRT_SECURE_NO_WARNINGS. See online help for details.
  c:\program files (x86)\windows kits\10\include\10.0.14393.0\ucrt\string.h(129): note: see declaration of 'strcpy'
c:\users\aaron\documents\visual studio 2015\projects\advproproject\advproproject\main.c(1633): warning C4996: 'scanf': This function or variable may be unsafe. Consider using scanf_s instead. To disable deprecation, use _CRT_SECURE_NO_WARNINGS. See online help for details.
  c:\program files (x86)\windows kits\10\include\10.0.14393.0\ucrt\stdio.h(1269): note: see declaration of 'scanf'
c:\users\aaron\documents\visual studio 2015\projects\advproproject\advproproject\main.c(1643): warning C4996: 'strcpy': This function or variable may be unsafe. Consider using strcpy_s instead. To disable deprecation, use _CRT_SECURE_NO_WARNINGS. See online help for details.
  c:\program files (x86)\windows kits\10\include\10.0.14393.0\ucrt\string.h(129): note: see declaration of 'strcpy'
c:\users\aaron\documents\visual studio 2015\projects\advproproject\advproproject\main.c(1648): warning C4996: 'strcpy': This function or variable may be unsafe. Consider using strcpy_s instead. To disable deprecation, use _CRT_SECURE_NO_WARNINGS. See online help for details.
  c:\program files (x86)\windows kits\10\include\10.0.14393.0\ucrt\string.h(129): note: see declaration of 'strcpy'
c:\users\aaron\documents\visual studio 2015\projects\advproproject\advproproject\main.c(1653): warning C4996: 'strcpy': This function or variable may be unsafe. Consider using strcpy_s instead. To disable deprecation, use _CRT_SECURE_NO_WARNINGS. See online help for details.
  c:\program files (x86)\windows kits\10\include\10.0.14393.0\ucrt\string.h(129): note: see declaration of 'strcpy'
c:\users\aaron\documents\visual studio 2015\projects\advproproject\advproproject\main.c(1658): warning C4996: 'strcpy': This function or variable may be unsafe. Consider using strcpy_s instead. To disable deprecation, use _CRT_SECURE_NO_WARNINGS. See online help for details.
  c:\program files (x86)\windows kits\10\include\10.0.14393.0\ucrt\string.h(129): note: see declaration of 'strcpy'
c:\users\aaron\documents\visual studio 2015\projects\advproproject\advproproject\main.c(1673): warning C4996: 'scanf': This function or variable may be unsafe. Consider using scanf_s instead. To disable deprecation, use _CRT_SECURE_NO_WARNINGS. See online help for details.
  c:\program files (x86)\windows kits\10\include\10.0.14393.0\ucrt\stdio.h(1269): note: see declaration of 'scanf'
c:\users\aaron\documents\visual studio 2015\projects\advproproject\advproproject\main.c(1683): warning C4996: 'strcpy': This function or variable may be unsafe. Consider using strcpy_s instead. To disable deprecation, use _CRT_SECURE_NO_WARNINGS. See online help for details.
  c:\program files (x86)\windows kits\10\include\10.0.14393.0\ucrt\string.h(129): note: see declaration of 'strcpy'
c:\users\aaron\documents\visual studio 2015\projects\advproproject\advproproject\main.c(1688): warning C4996: 'strcpy': This function or variable may be unsafe. Consider using strcpy_s instead. To disable deprecation, use _CRT_SECURE_NO_WARNINGS. See online help for details.
  c:\program files (x86)\windows kits\10\include\10.0.14393.0\ucrt\string.h(129): note: see declaration of 'strcpy'
c:\users\aaron\documents\visual studio 2015\projects\advproproject\advproproject\main.c(1693): warning C4996: 'strcpy': This function or variable may be unsafe. Consider using strcpy_s instead. To disable deprecation, use _CRT_SECURE_NO_WARNINGS. See online help for details.
  c:\program files (x86)\windows kits\10\include\10.0.14393.0\ucrt\string.h(129): note: see declaration of 'strcpy'
c:\users\aaron\documents\visual studio 2015\projects\advproproject\advproproject\main.c(1709): warning C4996: 'scanf': This function or variable may be unsafe. Consider using scanf_s instead. To disable deprecation, use _CRT_SECURE_NO_WARNINGS. See online help for details.
  c:\program files (x86)\windows kits\10\include\10.0.14393.0\ucrt\stdio.h(1269): note: see declaration of 'scanf'
c:\users\aaron\documents\visual studio 2015\projects\advproproject\advproproject\main.c(1719): warning C4996: 'strcpy': This function or variable may be unsafe. Consider using strcpy_s instead. To disable deprecation, use _CRT_SECURE_NO_WARNINGS. See online help for details.
  c:\program files (x86)\windows kits\10\include\10.0.14393.0\ucrt\string.h(129): note: see declaration of 'strcpy'
c:\users\aaron\documents\visual studio 2015\projects\advproproject\advproproject\main.c(1724): warning C4996: 'strcpy': This function or variable may be unsafe. Consider using strcpy_s instead. To disable deprecation, use _CRT_SECURE_NO_WARNINGS. See online help for details.
  c:\program files (x86)\windows kits\10\include\10.0.14393.0\ucrt\string.h(129): note: see declaration of 'strcpy'
c:\users\aaron\documents\visual studio 2015\projects\advproproject\advproproject\main.c(1729): warning C4996: 'strcpy': This function or variable may be unsafe. Consider using strcpy_s instead. To disable deprecation, use _CRT_SECURE_NO_WARNINGS. See online help for details.
  c:\program files (x86)\windows kits\10\include\10.0.14393.0\ucrt\string.h(129): note: see declaration of 'strcpy'
c:\users\aaron\documents\visual studio 2015\projects\advproproject\advproproject\main.c(1734): warning C4996: 'strcpy': This function or variable may be unsafe. Consider using strcpy_s instead. To disable deprecation, use _CRT_SECURE_NO_WARNINGS. See online help for details.
  c:\program files (x86)\windows kits\10\include\10.0.14393.0\ucrt\string.h(129): note: see declaration of 'strcpy'
c:\users\aaron\documents\visual studio 2015\projects\advproproject\advproproject\main.c(1795): warning C4996: 'scanf': This function or variable may be unsafe. Consider using scanf_s instead. To disable deprecation, use _CRT_SECURE_NO_WARNINGS. See online help for details.
  c:\program files (x86)\windows kits\10\include\10.0.14393.0\ucrt\stdio.h(1269): note: see declaration of 'scanf'
c:\users\aaron\documents\visual studio 2015\projects\advproproject\advproproject\main.c(1804): warning C4996: 'strcpy': This function or variable may be unsafe. Consider using strcpy_s instead. To disable deprecation, use _CRT_SECURE_NO_WARNINGS. See online help for details.
  c:\program files (x86)\windows kits\10\include\10.0.14393.0\ucrt\string.h(129): note: see declaration of 'strcpy'
c:\users\aaron\documents\visual studio 2015\projects\advproproject\advproproject\main.c(1809): warning C4996: 'strcpy': This function or variable may be unsafe. Consider using strcpy_s instead. To disable deprecation, use _CRT_SECURE_NO_WARNINGS. See online help for details.
  c:\program files (x86)\windows kits\10\include\10.0.14393.0\ucrt\string.h(129): note: see declaration of 'strcpy'
c:\users\aaron\documents\visual studio 2015\projects\advproproject\advproproject\main.c(1814): warning C4996: 'strcpy': This function or variable may be unsafe. Consider using strcpy_s instead. To disable deprecation, use _CRT_SECURE_NO_WARNINGS. See online help for details.
  c:\program files (x86)\windows kits\10\include\10.0.14393.0\ucrt\string.h(129): note: see declaration of 'strcpy'
c:\users\aaron\documents\visual studio 2015\projects\advproproject\advproproject\main.c(1819): warning C4996: 'strcpy': This function or variable may be unsafe. Consider using strcpy_s instead. To disable deprecation, use _CRT_SECURE_NO_WARNINGS. See online help for details.
  c:\program files (x86)\windows kits\10\include\10.0.14393.0\ucrt\string.h(129): note: see declaration of 'strcpy'
c:\users\aaron\documents\visual studio 2015\projects\advproproject\advproproject\main.c(1824): warning C4996: 'strcpy': This function or variable may be unsafe. Consider using strcpy_s instead. To disable deprecation, use _CRT_SECURE_NO_WARNINGS. See online help for details.
  c:\program files (x86)\windows kits\10\include\10.0.14393.0\ucrt\string.h(129): note: see declaration of 'strcpy'
c:\users\aaron\documents\visual studio 2015\projects\advproproject\advproproject\main.c(1841): warning C4996: 'scanf': This function or variable may be unsafe. Consider using scanf_s instead. To disable deprecation, use _CRT_SECURE_NO_WARNINGS. See online help for details.
  c:\program files (x86)\windows kits\10\include\10.0.14393.0\ucrt\stdio.h(1269): note: see declaration of 'scanf'
c:\users\aaron\documents\visual studio 2015\projects\advproproject\advproproject\main.c(1851): warning C4996: 'strcpy': This function or variable may be unsafe. Consider using strcpy_s instead. To disable deprecation, use _CRT_SECURE_NO_WARNINGS. See online help for details.
  c:\program files (x86)\windows kits\10\include\10.0.14393.0\ucrt\string.h(129): note: see declaration of 'strcpy'
c:\users\aaron\documents\visual studio 2015\projects\advproproject\advproproject\main.c(1856): warning C4996: 'strcpy': This function or variable may be unsafe. Consider using strcpy_s instead. To disable deprecation, use _CRT_SECURE_NO_WARNINGS. See online help for details.
  c:\program files (x86)\windows kits\10\include\10.0.14393.0\ucrt\string.h(129): note: see declaration of 'strcpy'
c:\users\aaron\documents\visual studio 2015\projects\advproproject\advproproject\main.c(1861): warning C4996: 'strcpy': This function or variable may be unsafe. Consider using strcpy_s instead. To disable deprecation, use _CRT_SECURE_NO_WARNINGS. See online help for details.
  c:\program files (x86)\windows kits\10\include\10.0.14393.0\ucrt\string.h(129): note: see declaration of 'strcpy'
c:\users\aaron\documents\visual studio 2015\projects\advproproject\advproproject\main.c(1866): warning C4996: 'strcpy': This function or variable may be unsafe. Consider using strcpy_s instead. To disable deprecation, use _CRT_SECURE_NO_WARNINGS. See online help for details.
  c:\program files (x86)\windows kits\10\include\10.0.14393.0\ucrt\string.h(129): note: see declaration of 'strcpy'
c:\users\aaron\documents\visual studio 2015\projects\advproproject\advproproject\main.c(1881): warning C4996: 'scanf': This function or variable may be unsafe. Consider using scanf_s instead. To disable deprecation, use _CRT_SECURE_NO_WARNINGS. See online help for details.
  c:\program files (x86)\windows kits\10\include\10.0.14393.0\ucrt\stdio.h(1269): note: see declaration of 'scanf'
c:\users\aaron\documents\visual studio 2015\projects\advproproject\advproproject\main.c(1891): warning C4996: 'strcpy': This function or variable may be unsafe. Consider using strcpy_s instead. To disable deprecation, use _CRT_SECURE_NO_WARNINGS. See online help for details.
  c:\program files (x86)\windows kits\10\include\10.0.14393.0\ucrt\string.h(129): note: see declaration of 'strcpy'
c:\users\aaron\documents\visual studio 2015\projects\advproproject\advproproject\main.c(1896): warning C4996: 'strcpy': This function or variable may be unsafe. Consider using strcpy_s instead. To disable deprecation, use _CRT_SECURE_NO_WARNINGS. See online help for details.
  c:\program files (x86)\windows kits\10\include\10.0.14393.0\ucrt\string.h(129): note: see declaration of 'strcpy'
c:\users\aaron\documents\visual studio 2015\projects\advproproject\advproproject\main.c(1901): warning C4996: 'strcpy': This function or variable may be unsafe. Consider using strcpy_s instead. To disable deprecation, use _CRT_SECURE_NO_WARNINGS. See online help for details.
  c:\program files (x86)\windows kits\10\include\10.0.14393.0\ucrt\string.h(129): note: see declaration of 'strcpy'
c:\users\aaron\documents\visual studio 2015\projects\advproproject\advproproject\main.c(1917): warning C4996: 'scanf': This function or variable may be unsafe. Consider using scanf_s instead. To disable deprecation, use _CRT_SECURE_NO_WARNINGS. See online help for details.
  c:\program files (x86)\windows kits\10\include\10.0.14393.0\ucrt\stdio.h(1269): note: see declaration of 'scanf'
c:\users\aaron\documents\visual studio 2015\projects\advproproject\advproproject\main.c(1927): warning C4996: 'strcpy': This function or variable may be unsafe. Consider using strcpy_s instead. To disable deprecation, use _CRT_SECURE_NO_WARNINGS. See online help for details.
  c:\program files (x86)\windows kits\10\include\10.0.14393.0\ucrt\string.h(129): note: see declaration of 'strcpy'
c:\users\aaron\documents\visual studio 2015\projects\advproproject\advproproject\main.c(1932): warning C4996: 'strcpy': This function or variable may be unsafe. Consider using strcpy_s instead. To disable deprecation, use _CRT_SECURE_NO_WARNINGS. See online help for details.
  c:\program files (x86)\windows kits\10\include\10.0.14393.0\ucrt\string.h(129): note: see declaration of 'strcpy'
c:\users\aaron\documents\visual studio 2015\projects\advproproject\advproproject\main.c(1937): warning C4996: 'strcpy': This function or variable may be unsafe. Consider using strcpy_s instead. To disable deprecation, use _CRT_SECURE_NO_WARNINGS. See online help for details.
  c:\program files (x86)\windows kits\10\include\10.0.14393.0\ucrt\string.h(129): note: see declaration of 'strcpy'
c:\users\aaron\documents\visual studio 2015\projects\advproproject\advproproject\main.c(1942): warning C4996: 'strcpy': This function or variable may be unsafe. Consider using strcpy_s instead. To disable deprecation, use _CRT_SECURE_NO_WARNINGS. See online help for details.
  c:\program files (x86)\windows kits\10\include\10.0.14393.0\ucrt\string.h(129): note: see declaration of 'strcpy'
c:\users\aaron\documents\visual studio 2015\projects\advproproject\advproproject\main.c(1772): warning C4101: 'option': unreferenced local variable
c:\users\aaron\documents\visual studio 2015\projects\advproproject\advproproject\main.c(1772): warning C4101: 'passportNum': unreferenced local variable
c:\users\aaron\documents\visual studio 2015\projects\advproproject\advproproject\main.c(1994): warning C4996: 'scanf': This function or variable may be unsafe. Consider using scanf_s instead. To disable deprecation, use _CRT_SECURE_NO_WARNINGS. See online help for details.
  c:\program files (x86)\windows kits\10\include\10.0.14393.0\ucrt\stdio.h(1269): note: see declaration of 'scanf'
c:\users\aaron\documents\visual studio 2015\projects\advproproject\advproproject\main.c(2001): warning C4996: 'scanf': This function or variable may be unsafe. Consider using scanf_s instead. To disable deprecation, use _CRT_SECURE_NO_WARNINGS. See online help for details.
  c:\program files (x86)\windows kits\10\include\10.0.14393.0\ucrt\stdio.h(1269): note: see declaration of 'scanf'
c:\users\aaron\documents\visual studio 2015\projects\advproproject\advproproject\main.c(2008): warning C4996: 'scanf': This function or variable may be unsafe. Consider using scanf_s instead. To disable deprecation, use _CRT_SECURE_NO_WARNINGS. See online help for details.
  c:\program files (x86)\windows kits\10\include\10.0.14393.0\ucrt\stdio.h(1269): note: see declaration of 'scanf'
c:\users\aaron\documents\visual studio 2015\projects\advproproject\advproproject\main.c(2011): warning C4996: 'scanf': This function or variable may be unsafe. Consider using scanf_s instead. To disable deprecation, use _CRT_SECURE_NO_WARNINGS. See online help for details.
  c:\program files (x86)\windows kits\10\include\10.0.14393.0\ucrt\stdio.h(1269): note: see declaration of 'scanf'
c:\users\aaron\documents\visual studio 2015\projects\advproproject\advproproject\main.c(1982): warning C4101: 'travelArea': unreferenced local variable
c:\users\aaron\documents\visual studio 2015\projects\advproproject\advproproject\main.c(1982): warning C4101: 'tripsIreland': unreferenced local variable
c:\users\aaron\documents\visual studio 2015\projects\advproproject\advproproject\main.c(1982): warning C4101: 'travelClass': unreferenced local variable
c:\users\aaron\documents\visual studio 2015\projects\advproproject\advproproject\main.c(1982): warning C4101: 'duration': unreferenced local variable
c:\users\aaron\documents\visual studio 2015\projects\advproproject\advproproject\main.c(2083): warning C4996: 'scanf': This function or variable may be unsafe. Consider using scanf_s instead. To disable deprecation, use _CRT_SECURE_NO_WARNINGS. See online help for details.
  c:\program files (x86)\windows kits\10\include\10.0.14393.0\ucrt\stdio.h(1269): note: see declaration of 'scanf'
c:\users\aaron\documents\visual studio 2015\projects\advproproject\advproproject\main.c(2144): warning C4996: 'scanf': This function or variable may be unsafe. Consider using scanf_s instead. To disable deprecation, use _CRT_SECURE_NO_WARNINGS. See online help for details.
  c:\program files (x86)\windows kits\10\include\10.0.14393.0\ucrt\stdio.h(1269): note: see declaration of 'scanf'
c:\users\aaron\documents\visual studio 2015\projects\advproproject\advproproject\main.c(2152): warning C4996: 'strcpy': This function or variable may be unsafe. Consider using strcpy_s instead. To disable deprecation, use _CRT_SECURE_NO_WARNINGS. See online help for details.
  c:\program files (x86)\windows kits\10\include\10.0.14393.0\ucrt\string.h(129): note: see declaration of 'strcpy'
c:\users\aaron\documents\visual studio 2015\projects\advproproject\advproproject\main.c(2156): warning C4996: 'strcpy': This function or variable may be unsafe. Consider using strcpy_s instead. To disable deprecation, use _CRT_SECURE_NO_WARNINGS. See online help for details.
  c:\program files (x86)\windows kits\10\include\10.0.14393.0\ucrt\string.h(129): note: see declaration of 'strcpy'
c:\users\aaron\documents\visual studio 2015\projects\advproproject\advproproject\main.c(2160): warning C4996: 'strcpy': This function or variable may be unsafe. Consider using strcpy_s instead. To disable deprecation, use _CRT_SECURE_NO_WARNINGS. See online help for details.
  c:\program files (x86)\windows kits\10\include\10.0.14393.0\ucrt\string.h(129): note: see declaration of 'strcpy'
c:\users\aaron\documents\visual studio 2015\projects\advproproject\advproproject\main.c(2164): warning C4996: 'strcpy': This function or variable may be unsafe. Consider using strcpy_s instead. To disable deprecation, use _CRT_SECURE_NO_WARNINGS. See online help for details.
  c:\program files (x86)\windows kits\10\include\10.0.14393.0\ucrt\string.h(129): note: see declaration of 'strcpy'
c:\users\aaron\documents\visual studio 2015\projects\advproproject\advproproject\main.c(2184): warning C4996: 'scanf': This function or variable may be unsafe. Consider using scanf_s instead. To disable deprecation, use _CRT_SECURE_NO_WARNINGS. See online help for details.
  c:\program files (x86)\windows kits\10\include\10.0.14393.0\ucrt\stdio.h(1269): note: see declaration of 'scanf'
c:\users\aaron\documents\visual studio 2015\projects\advproproject\advproproject\main.c(2345): warning C4477: 'printf' : format string '%s' requires an argument of type 'char *', but variadic argument 2 has type 'double'
c:\users\aaron\documents\visual studio 2015\projects\advproproject\advproproject\main.c(2345): warning C4473: 'printf' : not enough arguments passed for format string
  c:\users\aaron\documents\visual studio 2015\projects\advproproject\advproproject\main.c(2345): note: placeholders and their parameters expect 3 variadic arguments, but 2 were provided
  c:\users\aaron\documents\visual studio 2015\projects\advproproject\advproproject\main.c(2345): note: the missing variadic argument 3 is required by format string '%.2f'
c:\users\aaron\documents\visual studio 2015\projects\advproproject\advproproject\main.c(2411): warning C4996: 'scanf': This function or variable may be unsafe. Consider using scanf_s instead. To disable deprecation, use _CRT_SECURE_NO_WARNINGS. See online help for details.
  c:\program files (x86)\windows kits\10\include\10.0.14393.0\ucrt\stdio.h(1269): note: see declaration of 'scanf'
c:\users\aaron\documents\visual studio 2015\projects\advproproject\advproproject\main.c(2605): warning C4047: '=': 'FILE **' differs in levels of indirection from 'FILE *'
c:\users\aaron\documents\visual studio 2015\projects\advproproject\advproproject\main.c(2607): warning C4047: '=': 'FILE **' differs in levels of indirection from 'FILE *'
c:\users\aaron\documents\visual studio 2015\projects\advproproject\advproproject\main.c(2655): warning C4047: 'function': 'FILE *const ' differs in levels of indirection from 'FILE **'
c:\users\aaron\documents\visual studio 2015\projects\advproproject\advproproject\main.c(2655): warning C4024: 'fprintf': different types for formal and actual parameter 1
c:\users\aaron\documents\visual studio 2015\projects\advproproject\advproproject\main.c(2656): warning C4047: 'function': 'FILE *const ' differs in levels of indirection from 'FILE **'
c:\users\aaron\documents\visual studio 2015\projects\advproproject\advproproject\main.c(2656): warning C4024: 'fprintf': different types for formal and actual parameter 1
c:\users\aaron\documents\visual studio 2015\projects\advproproject\advproproject\main.c(2657): warning C4047: 'function': 'FILE *const ' differs in levels of indirection from 'FILE **'
c:\users\aaron\documents\visual studio 2015\projects\advproproject\advproproject\main.c(2657): warning C4024: 'fprintf': different types for formal and actual parameter 1
c:\users\aaron\documents\visual studio 2015\projects\advproproject\advproproject\main.c(2658): warning C4047: 'function': 'FILE *const ' differs in levels of indirection from 'FILE **'
c:\users\aaron\documents\visual studio 2015\projects\advproproject\advproproject\main.c(2658): warning C4024: 'fprintf': different types for formal and actual parameter 1
c:\users\aaron\documents\visual studio 2015\projects\advproproject\advproproject\main.c(2659): warning C4047: 'function': 'FILE *const ' differs in levels of indirection from 'FILE **'
c:\users\aaron\documents\visual studio 2015\projects\advproproject\advproproject\main.c(2659): warning C4024: 'fprintf': different types for formal and actual parameter 1
c:\users\aaron\documents\visual studio 2015\projects\advproproject\advproproject\main.c(2660): warning C4047: 'function': 'FILE *const ' differs in levels of indirection from 'FILE **'
c:\users\aaron\documents\visual studio 2015\projects\advproproject\advproproject\main.c(2660): warning C4024: 'fprintf': different types for formal and actual parameter 1
c:\users\aaron\documents\visual studio 2015\projects\advproproject\advproproject\main.c(2661): warning C4047: 'function': 'FILE *const ' differs in levels of indirection from 'FILE **'
c:\users\aaron\documents\visual studio 2015\projects\advproproject\advproproject\main.c(2661): warning C4024: 'fprintf': different types for formal and actual parameter 1
c:\users\aaron\documents\visual studio 2015\projects\advproproject\advproproject\main.c(2662): warning C4047: 'function': 'FILE *const ' differs in levels of indirection from 'FILE **'
c:\users\aaron\documents\visual studio 2015\projects\advproproject\advproproject\main.c(2662): warning C4024: 'fprintf': different types for formal and actual parameter 1
c:\users\aaron\documents\visual studio 2015\projects\advproproject\advproproject\main.c(2663): warning C4047: 'function': 'FILE *const ' differs in levels of indirection from 'FILE **'
c:\users\aaron\documents\visual studio 2015\projects\advproproject\advproproject\main.c(2663): warning C4024: 'fprintf': different types for formal and actual parameter 1
c:\users\aaron\documents\visual studio 2015\projects\advproproject\advproproject\main.c(2665): warning C4047: 'function': 'FILE *const ' differs in levels of indirection from 'FILE **'
c:\users\aaron\documents\visual studio 2015\projects\advproproject\advproproject\main.c(2665): warning C4024: 'fprintf': different types for formal and actual parameter 1
c:\users\aaron\documents\visual studio 2015\projects\advproproject\advproproject\main.c(2677): warning C4047: 'function': 'FILE *' differs in levels of indirection from 'FILE **'
c:\users\aaron\documents\visual studio 2015\projects\advproproject\advproproject\main.c(2677): warning C4024: 'fclose': different types for formal and actual parameter 1
c:\users\aaron\documents\visual studio 2015\projects\advproproject\advproproject\main.c(2679): warning C4047: 'function': 'FILE *' differs in levels of indirection from 'FILE **'
c:\users\aaron\documents\visual studio 2015\projects\advproproject\advproproject\main.c(2679): warning C4024: 'fclose': different types for formal and actual parameter 1
c:\users\aaron\documents\visual studio 2015\projects\advproproject\advproproject\main.c(2605): warning C4996: 'fopen': This function or variable may be unsafe. Consider using fopen_s instead. To disable deprecation, use _CRT_SECURE_NO_WARNINGS. See online help for details.
  c:\program files (x86)\windows kits\10\include\10.0.14393.0\ucrt\stdio.h(207): note: see declaration of 'fopen'
c:\users\aaron\documents\visual studio 2015\projects\advproproject\advproproject\main.c(2607): warning C4996: 'fopen': This function or variable may be unsafe. Consider using fopen_s instead. To disable deprecation, use _CRT_SECURE_NO_WARNINGS. See online help for details.
  c:\program files (x86)\windows kits\10\include\10.0.14393.0\ucrt\stdio.h(207): note: see declaration of 'fopen'
c:\users\aaron\documents\visual studio 2015\projects\advproproject\advproproject\main.c(572): warning C4715: 'userLogin': not all control paths return a value
  advProProject.vcxproj -> C:\Users\Aaron\Documents\Visual Studio 2015\Projects\advProProject\Debug\advProProject.exe
  advProProject.vcxproj -> C:\Users\Aaron\Documents\Visual Studio 2015\Projects\advProProject\Debug\advProProject.pdb (Full PDB)
